2022-02-13 09:07:40,058 ERROR 89139 [-/127.0.0.1/-/18ms GET /default/getArticleById/] nodejs.ER_PARSE_ERRORError: ER_PARSE_ERROR: You have an error in your SQL syntax; check the manual that corresponds to your MySQL server version for the right syntax to use near 'article.id=undefined' at line 1
    at Query.Sequence._packetToError (/Users/jr/myWeb/React项目实战_博客/react_Blog/service/node_modules/mysql/lib/protocol/sequences/Sequence.js:47:14)
    at Query.ErrorPacket (/Users/jr/myWeb/React项目实战_博客/react_Blog/service/node_modules/mysql/lib/protocol/sequences/Query.js:79:18)
    at Protocol._parsePacket (/Users/jr/myWeb/React项目实战_博客/react_Blog/service/node_modules/mysql/lib/protocol/Protocol.js:291:23)
    at Parser._parsePacket (/Users/jr/myWeb/React项目实战_博客/react_Blog/service/node_modules/mysql/lib/protocol/Parser.js:433:10)
    at Parser.write (/Users/jr/myWeb/React项目实战_博客/react_Blog/service/node_modules/mysql/lib/protocol/Parser.js:43:10)
    at Protocol.write (/Users/jr/myWeb/React项目实战_博客/react_Blog/service/node_modules/mysql/lib/protocol/Protocol.js:38:16)
    at Socket.<anonymous> (/Users/jr/myWeb/React项目实战_博客/react_Blog/service/node_modules/mysql/lib/Connection.js:88:28)
    at Socket.<anonymous> (/Users/jr/myWeb/React项目实战_博客/react_Blog/service/node_modules/mysql/lib/Connection.js:526:10)
    at Socket.emit (events.js:375:28)
    at addChunk (internal/streams/readable.js:290:12)
    --------------------
    at Pool.query (/Users/jr/myWeb/React项目实战_博客/react_Blog/service/node_modules/mysql/lib/Pool.js:199:23)
    at /Users/jr/myWeb/React项目实战_博客/react_Blog/service/node_modules/ali-rds/node_modules/pify/index.js:29:7
    at new Promise (<anonymous>)
    at Pool.<anonymous> (/Users/jr/myWeb/React项目实战_博客/react_Blog/service/node_modules/ali-rds/node_modules/pify/index.js:12:10)
    at Pool.ret [as query] (/Users/jr/myWeb/React项目实战_博客/react_Blog/service/node_modules/ali-rds/node_modules/pify/index.js:56:34)
    at RDSClient.proto._query (/Users/jr/myWeb/React项目实战_博客/react_Blog/service/node_modules/ali-rds/lib/client.js:38:20)
    at RDSClient.proto.query (/Users/jr/myWeb/React项目实战_博客/react_Blog/service/node_modules/ali-rds/lib/operator.js:54:29)
    at proto.query.next (<anonymous>)
    at onFulfilled (/Users/jr/myWeb/React项目实战_博客/react_Blog/service/node_modules/co/index.js:65:19)
    at /Users/jr/myWeb/React项目实战_博客/react_Blog/service/node_modules/co/index.js:54:5
    sql: SELECT article.id as id,article.title as title,article.introduce as introduce,article.article_content as article_content,FROM_UNIXTIME(article.addTime,'%Y-%m-%d %H:%i:%s' ) as addTime,article.view_count as view_count ,type.typeName as typeName ,type.id as typeId FROM article LEFT JOIN type ON article.type_id = type.IdWHERE article.id=undefined
code: "ER_PARSE_ERROR"
errno: 1064
sqlMessage: "You have an error in your SQL syntax; check the manual that corresponds to your MySQL server version for the right syntax to use near 'article.id=undefined' at line 1"
sqlState: "42000"
index: 0
sql: "SELECT article.id as id,article.title as title,article.introduce as introduce,article.article_content as article_content,FROM_UNIXTIME(article.addTime,'%Y-%m-%d %H:%i:%s' ) as addTime,article.view_count as view_count ,type.typeName as typeName ,type.id as typeId FROM article LEFT JOIN type ON article.type_id = type.IdWHERE article.id=undefined"
name: "ER_PARSE_ERRORError"
pid: 89139
hostname: jingrandeMacBook-Air.local

2022-02-13 09:08:21,551 ERROR 89139 [-/127.0.0.1/-/2ms GET /default/getArticleById?id=1] nodejs.ER_PARSE_ERRORError: ER_PARSE_ERROR: You have an error in your SQL syntax; check the manual that corresponds to your MySQL server version for the right syntax to use near 'article.id=undefined' at line 1
    at Query.Sequence._packetToError (/Users/jr/myWeb/React项目实战_博客/react_Blog/service/node_modules/mysql/lib/protocol/sequences/Sequence.js:47:14)
    at Query.ErrorPacket (/Users/jr/myWeb/React项目实战_博客/react_Blog/service/node_modules/mysql/lib/protocol/sequences/Query.js:79:18)
    at Protocol._parsePacket (/Users/jr/myWeb/React项目实战_博客/react_Blog/service/node_modules/mysql/lib/protocol/Protocol.js:291:23)
    at Parser._parsePacket (/Users/jr/myWeb/React项目实战_博客/react_Blog/service/node_modules/mysql/lib/protocol/Parser.js:433:10)
    at Parser.write (/Users/jr/myWeb/React项目实战_博客/react_Blog/service/node_modules/mysql/lib/protocol/Parser.js:43:10)
    at Protocol.write (/Users/jr/myWeb/React项目实战_博客/react_Blog/service/node_modules/mysql/lib/protocol/Protocol.js:38:16)
    at Socket.<anonymous> (/Users/jr/myWeb/React项目实战_博客/react_Blog/service/node_modules/mysql/lib/Connection.js:88:28)
    at Socket.<anonymous> (/Users/jr/myWeb/React项目实战_博客/react_Blog/service/node_modules/mysql/lib/Connection.js:526:10)
    at Socket.emit (events.js:375:28)
    at addChunk (internal/streams/readable.js:290:12)
    --------------------
    at Pool.query (/Users/jr/myWeb/React项目实战_博客/react_Blog/service/node_modules/mysql/lib/Pool.js:199:23)
    at /Users/jr/myWeb/React项目实战_博客/react_Blog/service/node_modules/ali-rds/node_modules/pify/index.js:29:7
    at new Promise (<anonymous>)
    at Pool.<anonymous> (/Users/jr/myWeb/React项目实战_博客/react_Blog/service/node_modules/ali-rds/node_modules/pify/index.js:12:10)
    at Pool.ret [as query] (/Users/jr/myWeb/React项目实战_博客/react_Blog/service/node_modules/ali-rds/node_modules/pify/index.js:56:34)
    at RDSClient.proto._query (/Users/jr/myWeb/React项目实战_博客/react_Blog/service/node_modules/ali-rds/lib/client.js:38:20)
    at RDSClient.proto.query (/Users/jr/myWeb/React项目实战_博客/react_Blog/service/node_modules/ali-rds/lib/operator.js:54:29)
    at proto.query.next (<anonymous>)
    at onFulfilled (/Users/jr/myWeb/React项目实战_博客/react_Blog/service/node_modules/co/index.js:65:19)
    at /Users/jr/myWeb/React项目实战_博客/react_Blog/service/node_modules/co/index.js:54:5
    sql: SELECT article.id as id,article.title as title,article.introduce as introduce,article.article_content as article_content,FROM_UNIXTIME(article.addTime,'%Y-%m-%d %H:%i:%s' ) as addTime,article.view_count as view_count ,type.typeName as typeName ,type.id as typeId FROM article LEFT JOIN type ON article.type_id = type.IdWHERE article.id=undefined
code: "ER_PARSE_ERROR"
errno: 1064
sqlMessage: "You have an error in your SQL syntax; check the manual that corresponds to your MySQL server version for the right syntax to use near 'article.id=undefined' at line 1"
sqlState: "42000"
index: 0
sql: "SELECT article.id as id,article.title as title,article.introduce as introduce,article.article_content as article_content,FROM_UNIXTIME(article.addTime,'%Y-%m-%d %H:%i:%s' ) as addTime,article.view_count as view_count ,type.typeName as typeName ,type.id as typeId FROM article LEFT JOIN type ON article.type_id = type.IdWHERE article.id=undefined"
name: "ER_PARSE_ERRORError"
pid: 89139
hostname: jingrandeMacBook-Air.local

2022-02-13 09:08:26,209 ERROR 89139 [-/127.0.0.1/-/3ms GET /default/getArticleById?id=1] nodejs.ER_PARSE_ERRORError: ER_PARSE_ERROR: You have an error in your SQL syntax; check the manual that corresponds to your MySQL server version for the right syntax to use near 'article.id=undefined' at line 1
    at Query.Sequence._packetToError (/Users/jr/myWeb/React项目实战_博客/react_Blog/service/node_modules/mysql/lib/protocol/sequences/Sequence.js:47:14)
    at Query.ErrorPacket (/Users/jr/myWeb/React项目实战_博客/react_Blog/service/node_modules/mysql/lib/protocol/sequences/Query.js:79:18)
    at Protocol._parsePacket (/Users/jr/myWeb/React项目实战_博客/react_Blog/service/node_modules/mysql/lib/protocol/Protocol.js:291:23)
    at Parser._parsePacket (/Users/jr/myWeb/React项目实战_博客/react_Blog/service/node_modules/mysql/lib/protocol/Parser.js:433:10)
    at Parser.write (/Users/jr/myWeb/React项目实战_博客/react_Blog/service/node_modules/mysql/lib/protocol/Parser.js:43:10)
    at Protocol.write (/Users/jr/myWeb/React项目实战_博客/react_Blog/service/node_modules/mysql/lib/protocol/Protocol.js:38:16)
    at Socket.<anonymous> (/Users/jr/myWeb/React项目实战_博客/react_Blog/service/node_modules/mysql/lib/Connection.js:88:28)
    at Socket.<anonymous> (/Users/jr/myWeb/React项目实战_博客/react_Blog/service/node_modules/mysql/lib/Connection.js:526:10)
    at Socket.emit (events.js:375:28)
    at addChunk (internal/streams/readable.js:290:12)
    --------------------
    at Pool.query (/Users/jr/myWeb/React项目实战_博客/react_Blog/service/node_modules/mysql/lib/Pool.js:199:23)
    at /Users/jr/myWeb/React项目实战_博客/react_Blog/service/node_modules/ali-rds/node_modules/pify/index.js:29:7
    at new Promise (<anonymous>)
    at Pool.<anonymous> (/Users/jr/myWeb/React项目实战_博客/react_Blog/service/node_modules/ali-rds/node_modules/pify/index.js:12:10)
    at Pool.ret [as query] (/Users/jr/myWeb/React项目实战_博客/react_Blog/service/node_modules/ali-rds/node_modules/pify/index.js:56:34)
    at RDSClient.proto._query (/Users/jr/myWeb/React项目实战_博客/react_Blog/service/node_modules/ali-rds/lib/client.js:38:20)
    at RDSClient.proto.query (/Users/jr/myWeb/React项目实战_博客/react_Blog/service/node_modules/ali-rds/lib/operator.js:54:29)
    at proto.query.next (<anonymous>)
    at onFulfilled (/Users/jr/myWeb/React项目实战_博客/react_Blog/service/node_modules/co/index.js:65:19)
    at /Users/jr/myWeb/React项目实战_博客/react_Blog/service/node_modules/co/index.js:54:5
    sql: SELECT article.id as id,article.title as title,article.introduce as introduce,article.article_content as article_content,FROM_UNIXTIME(article.addTime,'%Y-%m-%d %H:%i:%s' ) as addTime,article.view_count as view_count ,type.typeName as typeName ,type.id as typeId FROM article LEFT JOIN type ON article.type_id = type.IdWHERE article.id=undefined
code: "ER_PARSE_ERROR"
errno: 1064
sqlMessage: "You have an error in your SQL syntax; check the manual that corresponds to your MySQL server version for the right syntax to use near 'article.id=undefined' at line 1"
sqlState: "42000"
index: 0
sql: "SELECT article.id as id,article.title as title,article.introduce as introduce,article.article_content as article_content,FROM_UNIXTIME(article.addTime,'%Y-%m-%d %H:%i:%s' ) as addTime,article.view_count as view_count ,type.typeName as typeName ,type.id as typeId FROM article LEFT JOIN type ON article.type_id = type.IdWHERE article.id=undefined"
name: "ER_PARSE_ERRORError"
pid: 89139
hostname: jingrandeMacBook-Air.local

2022-02-13 09:09:03,497 ERROR 93376 [-/127.0.0.1/-/18ms GET /default/getArticleById?id=1] nodejs.ER_BAD_FIELD_ERRORError: ER_BAD_FIELD_ERROR: Unknown column 'undefined' in 'where clause'
    at Query.Sequence._packetToError (/Users/jr/myWeb/React项目实战_博客/react_Blog/service/node_modules/mysql/lib/protocol/sequences/Sequence.js:47:14)
    at Query.ErrorPacket (/Users/jr/myWeb/React项目实战_博客/react_Blog/service/node_modules/mysql/lib/protocol/sequences/Query.js:79:18)
    at Protocol._parsePacket (/Users/jr/myWeb/React项目实战_博客/react_Blog/service/node_modules/mysql/lib/protocol/Protocol.js:291:23)
    at Parser._parsePacket (/Users/jr/myWeb/React项目实战_博客/react_Blog/service/node_modules/mysql/lib/protocol/Parser.js:433:10)
    at Parser.write (/Users/jr/myWeb/React项目实战_博客/react_Blog/service/node_modules/mysql/lib/protocol/Parser.js:43:10)
    at Protocol.write (/Users/jr/myWeb/React项目实战_博客/react_Blog/service/node_modules/mysql/lib/protocol/Protocol.js:38:16)
    at Socket.<anonymous> (/Users/jr/myWeb/React项目实战_博客/react_Blog/service/node_modules/mysql/lib/Connection.js:88:28)
    at Socket.<anonymous> (/Users/jr/myWeb/React项目实战_博客/react_Blog/service/node_modules/mysql/lib/Connection.js:526:10)
    at Socket.emit (events.js:375:28)
    at addChunk (internal/streams/readable.js:290:12)
    --------------------
    at Pool.query (/Users/jr/myWeb/React项目实战_博客/react_Blog/service/node_modules/mysql/lib/Pool.js:199:23)
    at /Users/jr/myWeb/React项目实战_博客/react_Blog/service/node_modules/ali-rds/node_modules/pify/index.js:29:7
    at new Promise (<anonymous>)
    at Pool.<anonymous> (/Users/jr/myWeb/React项目实战_博客/react_Blog/service/node_modules/ali-rds/node_modules/pify/index.js:12:10)
    at Pool.ret [as query] (/Users/jr/myWeb/React项目实战_博客/react_Blog/service/node_modules/ali-rds/node_modules/pify/index.js:56:34)
    at RDSClient.proto._query (/Users/jr/myWeb/React项目实战_博客/react_Blog/service/node_modules/ali-rds/lib/client.js:38:20)
    at RDSClient.proto.query (/Users/jr/myWeb/React项目实战_博客/react_Blog/service/node_modules/ali-rds/lib/operator.js:54:29)
    at proto.query.next (<anonymous>)
    at onFulfilled (/Users/jr/myWeb/React项目实战_博客/react_Blog/service/node_modules/co/index.js:65:19)
    at /Users/jr/myWeb/React项目实战_博客/react_Blog/service/node_modules/co/index.js:54:5
    sql: SELECT article.id as id,article.title as title,article.introduce as introduce,article.article_content as article_content,FROM_UNIXTIME(article.addTime,'%Y-%m-%d %H:%i:%s' ) as addTime,article.view_count as view_count ,type.typeName as typeName ,type.id as typeId FROM article LEFT JOIN type ON article.type_id = type.Id WHERE article.id=undefined
code: "ER_BAD_FIELD_ERROR"
errno: 1054
sqlMessage: "Unknown column 'undefined' in 'where clause'"
sqlState: "42S22"
index: 0
sql: "SELECT article.id as id,article.title as title,article.introduce as introduce,article.article_content as article_content,FROM_UNIXTIME(article.addTime,'%Y-%m-%d %H:%i:%s' ) as addTime,article.view_count as view_count ,type.typeName as typeName ,type.id as typeId FROM article LEFT JOIN type ON article.type_id = type.Id WHERE article.id=undefined"
name: "ER_BAD_FIELD_ERRORError"
pid: 93376
hostname: jingrandeMacBook-Air.local

2022-02-13 09:09:07,396 ERROR 93376 [-/127.0.0.1/-/2ms GET /default/getArticleById] nodejs.ER_BAD_FIELD_ERRORError: ER_BAD_FIELD_ERROR: Unknown column 'undefined' in 'where clause'
    at Query.Sequence._packetToError (/Users/jr/myWeb/React项目实战_博客/react_Blog/service/node_modules/mysql/lib/protocol/sequences/Sequence.js:47:14)
    at Query.ErrorPacket (/Users/jr/myWeb/React项目实战_博客/react_Blog/service/node_modules/mysql/lib/protocol/sequences/Query.js:79:18)
    at Protocol._parsePacket (/Users/jr/myWeb/React项目实战_博客/react_Blog/service/node_modules/mysql/lib/protocol/Protocol.js:291:23)
    at Parser._parsePacket (/Users/jr/myWeb/React项目实战_博客/react_Blog/service/node_modules/mysql/lib/protocol/Parser.js:433:10)
    at Parser.write (/Users/jr/myWeb/React项目实战_博客/react_Blog/service/node_modules/mysql/lib/protocol/Parser.js:43:10)
    at Protocol.write (/Users/jr/myWeb/React项目实战_博客/react_Blog/service/node_modules/mysql/lib/protocol/Protocol.js:38:16)
    at Socket.<anonymous> (/Users/jr/myWeb/React项目实战_博客/react_Blog/service/node_modules/mysql/lib/Connection.js:88:28)
    at Socket.<anonymous> (/Users/jr/myWeb/React项目实战_博客/react_Blog/service/node_modules/mysql/lib/Connection.js:526:10)
    at Socket.emit (events.js:375:28)
    at addChunk (internal/streams/readable.js:290:12)
    --------------------
    at Pool.query (/Users/jr/myWeb/React项目实战_博客/react_Blog/service/node_modules/mysql/lib/Pool.js:199:23)
    at /Users/jr/myWeb/React项目实战_博客/react_Blog/service/node_modules/ali-rds/node_modules/pify/index.js:29:7
    at new Promise (<anonymous>)
    at Pool.<anonymous> (/Users/jr/myWeb/React项目实战_博客/react_Blog/service/node_modules/ali-rds/node_modules/pify/index.js:12:10)
    at Pool.ret [as query] (/Users/jr/myWeb/React项目实战_博客/react_Blog/service/node_modules/ali-rds/node_modules/pify/index.js:56:34)
    at RDSClient.proto._query (/Users/jr/myWeb/React项目实战_博客/react_Blog/service/node_modules/ali-rds/lib/client.js:38:20)
    at RDSClient.proto.query (/Users/jr/myWeb/React项目实战_博客/react_Blog/service/node_modules/ali-rds/lib/operator.js:54:29)
    at proto.query.next (<anonymous>)
    at onFulfilled (/Users/jr/myWeb/React项目实战_博客/react_Blog/service/node_modules/co/index.js:65:19)
    at /Users/jr/myWeb/React项目实战_博客/react_Blog/service/node_modules/co/index.js:54:5
    sql: SELECT article.id as id,article.title as title,article.introduce as introduce,article.article_content as article_content,FROM_UNIXTIME(article.addTime,'%Y-%m-%d %H:%i:%s' ) as addTime,article.view_count as view_count ,type.typeName as typeName ,type.id as typeId FROM article LEFT JOIN type ON article.type_id = type.Id WHERE article.id=undefined
code: "ER_BAD_FIELD_ERROR"
errno: 1054
sqlMessage: "Unknown column 'undefined' in 'where clause'"
sqlState: "42S22"
index: 0
sql: "SELECT article.id as id,article.title as title,article.introduce as introduce,article.article_content as article_content,FROM_UNIXTIME(article.addTime,'%Y-%m-%d %H:%i:%s' ) as addTime,article.view_count as view_count ,type.typeName as typeName ,type.id as typeId FROM article LEFT JOIN type ON article.type_id = type.Id WHERE article.id=undefined"
name: "ER_BAD_FIELD_ERRORError"
pid: 93376
hostname: jingrandeMacBook-Air.local

2022-02-13 09:13:35,583 ERROR 95581 [-/127.0.0.1/-/6ms GET /default/getArticleById] nodejs.ER_BAD_FIELD_ERRORError: ER_BAD_FIELD_ERROR: Unknown column 'undefined' in 'where clause'
    at Query.Sequence._packetToError (/Users/jr/myWeb/React项目实战_博客/react_Blog/service/node_modules/mysql/lib/protocol/sequences/Sequence.js:47:14)
    at Query.ErrorPacket (/Users/jr/myWeb/React项目实战_博客/react_Blog/service/node_modules/mysql/lib/protocol/sequences/Query.js:79:18)
    at Protocol._parsePacket (/Users/jr/myWeb/React项目实战_博客/react_Blog/service/node_modules/mysql/lib/protocol/Protocol.js:291:23)
    at Parser._parsePacket (/Users/jr/myWeb/React项目实战_博客/react_Blog/service/node_modules/mysql/lib/protocol/Parser.js:433:10)
    at Parser.write (/Users/jr/myWeb/React项目实战_博客/react_Blog/service/node_modules/mysql/lib/protocol/Parser.js:43:10)
    at Protocol.write (/Users/jr/myWeb/React项目实战_博客/react_Blog/service/node_modules/mysql/lib/protocol/Protocol.js:38:16)
    at Socket.<anonymous> (/Users/jr/myWeb/React项目实战_博客/react_Blog/service/node_modules/mysql/lib/Connection.js:88:28)
    at Socket.<anonymous> (/Users/jr/myWeb/React项目实战_博客/react_Blog/service/node_modules/mysql/lib/Connection.js:526:10)
    at Socket.emit (events.js:375:28)
    at addChunk (internal/streams/readable.js:290:12)
    --------------------
    at Pool.query (/Users/jr/myWeb/React项目实战_博客/react_Blog/service/node_modules/mysql/lib/Pool.js:199:23)
    at /Users/jr/myWeb/React项目实战_博客/react_Blog/service/node_modules/ali-rds/node_modules/pify/index.js:29:7
    at new Promise (<anonymous>)
    at Pool.<anonymous> (/Users/jr/myWeb/React项目实战_博客/react_Blog/service/node_modules/ali-rds/node_modules/pify/index.js:12:10)
    at Pool.ret [as query] (/Users/jr/myWeb/React项目实战_博客/react_Blog/service/node_modules/ali-rds/node_modules/pify/index.js:56:34)
    at RDSClient.proto._query (/Users/jr/myWeb/React项目实战_博客/react_Blog/service/node_modules/ali-rds/lib/client.js:38:20)
    at RDSClient.proto.query (/Users/jr/myWeb/React项目实战_博客/react_Blog/service/node_modules/ali-rds/lib/operator.js:54:29)
    at proto.query.next (<anonymous>)
    at onFulfilled (/Users/jr/myWeb/React项目实战_博客/react_Blog/service/node_modules/co/index.js:65:19)
    at /Users/jr/myWeb/React项目实战_博客/react_Blog/service/node_modules/co/index.js:54:5
    sql: SELECT article.id as id,article.title as title,article.introduce as introduce,article.article_content as article_content,FROM_UNIXTIME(article.addTime,'%Y-%m-%d %H:%i:%s' ) as addTime,article.view_count as view_count ,type.typeName as typeName ,type.id as typeId FROM article LEFT JOIN type ON article.type_id = type.Id WHERE article.id=undefined
code: "ER_BAD_FIELD_ERROR"
errno: 1054
sqlMessage: "Unknown column 'undefined' in 'where clause'"
sqlState: "42S22"
index: 0
sql: "SELECT article.id as id,article.title as title,article.introduce as introduce,article.article_content as article_content,FROM_UNIXTIME(article.addTime,'%Y-%m-%d %H:%i:%s' ) as addTime,article.view_count as view_count ,type.typeName as typeName ,type.id as typeId FROM article LEFT JOIN type ON article.type_id = type.Id WHERE article.id=undefined"
name: "ER_BAD_FIELD_ERRORError"
pid: 95581
hostname: jingrandeMacBook-Air.local

2022-02-13 09:13:46,565 ERROR 95581 [-/127.0.0.1/-/2ms GET /default/getArticleById?id=1] nodejs.ER_BAD_FIELD_ERRORError: ER_BAD_FIELD_ERROR: Unknown column 'undefined' in 'where clause'
    at Query.Sequence._packetToError (/Users/jr/myWeb/React项目实战_博客/react_Blog/service/node_modules/mysql/lib/protocol/sequences/Sequence.js:47:14)
    at Query.ErrorPacket (/Users/jr/myWeb/React项目实战_博客/react_Blog/service/node_modules/mysql/lib/protocol/sequences/Query.js:79:18)
    at Protocol._parsePacket (/Users/jr/myWeb/React项目实战_博客/react_Blog/service/node_modules/mysql/lib/protocol/Protocol.js:291:23)
    at Parser._parsePacket (/Users/jr/myWeb/React项目实战_博客/react_Blog/service/node_modules/mysql/lib/protocol/Parser.js:433:10)
    at Parser.write (/Users/jr/myWeb/React项目实战_博客/react_Blog/service/node_modules/mysql/lib/protocol/Parser.js:43:10)
    at Protocol.write (/Users/jr/myWeb/React项目实战_博客/react_Blog/service/node_modules/mysql/lib/protocol/Protocol.js:38:16)
    at Socket.<anonymous> (/Users/jr/myWeb/React项目实战_博客/react_Blog/service/node_modules/mysql/lib/Connection.js:88:28)
    at Socket.<anonymous> (/Users/jr/myWeb/React项目实战_博客/react_Blog/service/node_modules/mysql/lib/Connection.js:526:10)
    at Socket.emit (events.js:375:28)
    at addChunk (internal/streams/readable.js:290:12)
    --------------------
    at Pool.query (/Users/jr/myWeb/React项目实战_博客/react_Blog/service/node_modules/mysql/lib/Pool.js:199:23)
    at /Users/jr/myWeb/React项目实战_博客/react_Blog/service/node_modules/ali-rds/node_modules/pify/index.js:29:7
    at new Promise (<anonymous>)
    at Pool.<anonymous> (/Users/jr/myWeb/React项目实战_博客/react_Blog/service/node_modules/ali-rds/node_modules/pify/index.js:12:10)
    at Pool.ret [as query] (/Users/jr/myWeb/React项目实战_博客/react_Blog/service/node_modules/ali-rds/node_modules/pify/index.js:56:34)
    at RDSClient.proto._query (/Users/jr/myWeb/React项目实战_博客/react_Blog/service/node_modules/ali-rds/lib/client.js:38:20)
    at RDSClient.proto.query (/Users/jr/myWeb/React项目实战_博客/react_Blog/service/node_modules/ali-rds/lib/operator.js:54:29)
    at proto.query.next (<anonymous>)
    at onFulfilled (/Users/jr/myWeb/React项目实战_博客/react_Blog/service/node_modules/co/index.js:65:19)
    at /Users/jr/myWeb/React项目实战_博客/react_Blog/service/node_modules/co/index.js:54:5
    sql: SELECT article.id as id,article.title as title,article.introduce as introduce,article.article_content as article_content,FROM_UNIXTIME(article.addTime,'%Y-%m-%d %H:%i:%s' ) as addTime,article.view_count as view_count ,type.typeName as typeName ,type.id as typeId FROM article LEFT JOIN type ON article.type_id = type.Id WHERE article.id=undefined
code: "ER_BAD_FIELD_ERROR"
errno: 1054
sqlMessage: "Unknown column 'undefined' in 'where clause'"
sqlState: "42S22"
index: 0
sql: "SELECT article.id as id,article.title as title,article.introduce as introduce,article.article_content as article_content,FROM_UNIXTIME(article.addTime,'%Y-%m-%d %H:%i:%s' ) as addTime,article.view_count as view_count ,type.typeName as typeName ,type.id as typeId FROM article LEFT JOIN type ON article.type_id = type.Id WHERE article.id=undefined"
name: "ER_BAD_FIELD_ERRORError"
pid: 95581
hostname: jingrandeMacBook-Air.local

2022-02-13 10:00:21,607 ERROR 6761 [-/127.0.0.1/-/8ms GET /default/getArticleById/undefined] nodejs.ER_BAD_FIELD_ERRORError: ER_BAD_FIELD_ERROR: Unknown column 'undefined' in 'where clause'
    at Query.Sequence._packetToError (/Users/jr/myWeb/React项目实战_博客/react_Blog/service/node_modules/mysql/lib/protocol/sequences/Sequence.js:47:14)
    at Query.ErrorPacket (/Users/jr/myWeb/React项目实战_博客/react_Blog/service/node_modules/mysql/lib/protocol/sequences/Query.js:79:18)
    at Protocol._parsePacket (/Users/jr/myWeb/React项目实战_博客/react_Blog/service/node_modules/mysql/lib/protocol/Protocol.js:291:23)
    at Parser._parsePacket (/Users/jr/myWeb/React项目实战_博客/react_Blog/service/node_modules/mysql/lib/protocol/Parser.js:433:10)
    at Parser.write (/Users/jr/myWeb/React项目实战_博客/react_Blog/service/node_modules/mysql/lib/protocol/Parser.js:43:10)
    at Protocol.write (/Users/jr/myWeb/React项目实战_博客/react_Blog/service/node_modules/mysql/lib/protocol/Protocol.js:38:16)
    at Socket.<anonymous> (/Users/jr/myWeb/React项目实战_博客/react_Blog/service/node_modules/mysql/lib/Connection.js:88:28)
    at Socket.<anonymous> (/Users/jr/myWeb/React项目实战_博客/react_Blog/service/node_modules/mysql/lib/Connection.js:526:10)
    at Socket.emit (events.js:375:28)
    at addChunk (internal/streams/readable.js:290:12)
    --------------------
    at Pool.query (/Users/jr/myWeb/React项目实战_博客/react_Blog/service/node_modules/mysql/lib/Pool.js:199:23)
    at /Users/jr/myWeb/React项目实战_博客/react_Blog/service/node_modules/ali-rds/node_modules/pify/index.js:29:7
    at new Promise (<anonymous>)
    at Pool.<anonymous> (/Users/jr/myWeb/React项目实战_博客/react_Blog/service/node_modules/ali-rds/node_modules/pify/index.js:12:10)
    at Pool.ret [as query] (/Users/jr/myWeb/React项目实战_博客/react_Blog/service/node_modules/ali-rds/node_modules/pify/index.js:56:34)
    at RDSClient.proto._query (/Users/jr/myWeb/React项目实战_博客/react_Blog/service/node_modules/ali-rds/lib/client.js:38:20)
    at RDSClient.proto.query (/Users/jr/myWeb/React项目实战_博客/react_Blog/service/node_modules/ali-rds/lib/operator.js:54:29)
    at proto.query.next (<anonymous>)
    at onFulfilled (/Users/jr/myWeb/React项目实战_博客/react_Blog/service/node_modules/co/index.js:65:19)
    at /Users/jr/myWeb/React项目实战_博客/react_Blog/service/node_modules/co/index.js:54:5
    sql: SELECT article.id as id,article.title as title,article.introduce as introduce,article.article_content as article_content,FROM_UNIXTIME(article.addTime,'%Y-%m-%d %H:%i:%s' ) as addTime,article.view_count as view_count ,type.typeName as typeName ,type.id as typeId FROM article LEFT JOIN type ON article.type_id = type.Id WHERE article.id=undefined
code: "ER_BAD_FIELD_ERROR"
errno: 1054
sqlMessage: "Unknown column 'undefined' in 'where clause'"
sqlState: "42S22"
index: 0
sql: "SELECT article.id as id,article.title as title,article.introduce as introduce,article.article_content as article_content,FROM_UNIXTIME(article.addTime,'%Y-%m-%d %H:%i:%s' ) as addTime,article.view_count as view_count ,type.typeName as typeName ,type.id as typeId FROM article LEFT JOIN type ON article.type_id = type.Id WHERE article.id=undefined"
name: "ER_BAD_FIELD_ERRORError"
pid: 6761
hostname: jingrandeMacBook-Air.local

2022-02-13 10:00:22,707 ERROR 6761 [-/127.0.0.1/-/3ms GET /default/getArticleById/undefined] nodejs.ER_BAD_FIELD_ERRORError: ER_BAD_FIELD_ERROR: Unknown column 'undefined' in 'where clause'
    at Query.Sequence._packetToError (/Users/jr/myWeb/React项目实战_博客/react_Blog/service/node_modules/mysql/lib/protocol/sequences/Sequence.js:47:14)
    at Query.ErrorPacket (/Users/jr/myWeb/React项目实战_博客/react_Blog/service/node_modules/mysql/lib/protocol/sequences/Query.js:79:18)
    at Protocol._parsePacket (/Users/jr/myWeb/React项目实战_博客/react_Blog/service/node_modules/mysql/lib/protocol/Protocol.js:291:23)
    at Parser._parsePacket (/Users/jr/myWeb/React项目实战_博客/react_Blog/service/node_modules/mysql/lib/protocol/Parser.js:433:10)
    at Parser.write (/Users/jr/myWeb/React项目实战_博客/react_Blog/service/node_modules/mysql/lib/protocol/Parser.js:43:10)
    at Protocol.write (/Users/jr/myWeb/React项目实战_博客/react_Blog/service/node_modules/mysql/lib/protocol/Protocol.js:38:16)
    at Socket.<anonymous> (/Users/jr/myWeb/React项目实战_博客/react_Blog/service/node_modules/mysql/lib/Connection.js:88:28)
    at Socket.<anonymous> (/Users/jr/myWeb/React项目实战_博客/react_Blog/service/node_modules/mysql/lib/Connection.js:526:10)
    at Socket.emit (events.js:375:28)
    at addChunk (internal/streams/readable.js:290:12)
    --------------------
    at Pool.query (/Users/jr/myWeb/React项目实战_博客/react_Blog/service/node_modules/mysql/lib/Pool.js:199:23)
    at /Users/jr/myWeb/React项目实战_博客/react_Blog/service/node_modules/ali-rds/node_modules/pify/index.js:29:7
    at new Promise (<anonymous>)
    at Pool.<anonymous> (/Users/jr/myWeb/React项目实战_博客/react_Blog/service/node_modules/ali-rds/node_modules/pify/index.js:12:10)
    at Pool.ret [as query] (/Users/jr/myWeb/React项目实战_博客/react_Blog/service/node_modules/ali-rds/node_modules/pify/index.js:56:34)
    at RDSClient.proto._query (/Users/jr/myWeb/React项目实战_博客/react_Blog/service/node_modules/ali-rds/lib/client.js:38:20)
    at RDSClient.proto.query (/Users/jr/myWeb/React项目实战_博客/react_Blog/service/node_modules/ali-rds/lib/operator.js:54:29)
    at proto.query.next (<anonymous>)
    at onFulfilled (/Users/jr/myWeb/React项目实战_博客/react_Blog/service/node_modules/co/index.js:65:19)
    at /Users/jr/myWeb/React项目实战_博客/react_Blog/service/node_modules/co/index.js:54:5
    sql: SELECT article.id as id,article.title as title,article.introduce as introduce,article.article_content as article_content,FROM_UNIXTIME(article.addTime,'%Y-%m-%d %H:%i:%s' ) as addTime,article.view_count as view_count ,type.typeName as typeName ,type.id as typeId FROM article LEFT JOIN type ON article.type_id = type.Id WHERE article.id=undefined
code: "ER_BAD_FIELD_ERROR"
errno: 1054
sqlMessage: "Unknown column 'undefined' in 'where clause'"
sqlState: "42S22"
index: 0
sql: "SELECT article.id as id,article.title as title,article.introduce as introduce,article.article_content as article_content,FROM_UNIXTIME(article.addTime,'%Y-%m-%d %H:%i:%s' ) as addTime,article.view_count as view_count ,type.typeName as typeName ,type.id as typeId FROM article LEFT JOIN type ON article.type_id = type.Id WHERE article.id=undefined"
name: "ER_BAD_FIELD_ERRORError"
pid: 6761
hostname: jingrandeMacBook-Air.local

2022-02-13 10:00:26,265 ERROR 6761 [-/127.0.0.1/-/2ms GET /default/getArticleById/undefined] nodejs.ER_BAD_FIELD_ERRORError: ER_BAD_FIELD_ERROR: Unknown column 'undefined' in 'where clause'
    at Query.Sequence._packetToError (/Users/jr/myWeb/React项目实战_博客/react_Blog/service/node_modules/mysql/lib/protocol/sequences/Sequence.js:47:14)
    at Query.ErrorPacket (/Users/jr/myWeb/React项目实战_博客/react_Blog/service/node_modules/mysql/lib/protocol/sequences/Query.js:79:18)
    at Protocol._parsePacket (/Users/jr/myWeb/React项目实战_博客/react_Blog/service/node_modules/mysql/lib/protocol/Protocol.js:291:23)
    at Parser._parsePacket (/Users/jr/myWeb/React项目实战_博客/react_Blog/service/node_modules/mysql/lib/protocol/Parser.js:433:10)
    at Parser.write (/Users/jr/myWeb/React项目实战_博客/react_Blog/service/node_modules/mysql/lib/protocol/Parser.js:43:10)
    at Protocol.write (/Users/jr/myWeb/React项目实战_博客/react_Blog/service/node_modules/mysql/lib/protocol/Protocol.js:38:16)
    at Socket.<anonymous> (/Users/jr/myWeb/React项目实战_博客/react_Blog/service/node_modules/mysql/lib/Connection.js:88:28)
    at Socket.<anonymous> (/Users/jr/myWeb/React项目实战_博客/react_Blog/service/node_modules/mysql/lib/Connection.js:526:10)
    at Socket.emit (events.js:375:28)
    at addChunk (internal/streams/readable.js:290:12)
    --------------------
    at Pool.query (/Users/jr/myWeb/React项目实战_博客/react_Blog/service/node_modules/mysql/lib/Pool.js:199:23)
    at /Users/jr/myWeb/React项目实战_博客/react_Blog/service/node_modules/ali-rds/node_modules/pify/index.js:29:7
    at new Promise (<anonymous>)
    at Pool.<anonymous> (/Users/jr/myWeb/React项目实战_博客/react_Blog/service/node_modules/ali-rds/node_modules/pify/index.js:12:10)
    at Pool.ret [as query] (/Users/jr/myWeb/React项目实战_博客/react_Blog/service/node_modules/ali-rds/node_modules/pify/index.js:56:34)
    at RDSClient.proto._query (/Users/jr/myWeb/React项目实战_博客/react_Blog/service/node_modules/ali-rds/lib/client.js:38:20)
    at RDSClient.proto.query (/Users/jr/myWeb/React项目实战_博客/react_Blog/service/node_modules/ali-rds/lib/operator.js:54:29)
    at proto.query.next (<anonymous>)
    at onFulfilled (/Users/jr/myWeb/React项目实战_博客/react_Blog/service/node_modules/co/index.js:65:19)
    at /Users/jr/myWeb/React项目实战_博客/react_Blog/service/node_modules/co/index.js:54:5
    sql: SELECT article.id as id,article.title as title,article.introduce as introduce,article.article_content as article_content,FROM_UNIXTIME(article.addTime,'%Y-%m-%d %H:%i:%s' ) as addTime,article.view_count as view_count ,type.typeName as typeName ,type.id as typeId FROM article LEFT JOIN type ON article.type_id = type.Id WHERE article.id=undefined
code: "ER_BAD_FIELD_ERROR"
errno: 1054
sqlMessage: "Unknown column 'undefined' in 'where clause'"
sqlState: "42S22"
index: 0
sql: "SELECT article.id as id,article.title as title,article.introduce as introduce,article.article_content as article_content,FROM_UNIXTIME(article.addTime,'%Y-%m-%d %H:%i:%s' ) as addTime,article.view_count as view_count ,type.typeName as typeName ,type.id as typeId FROM article LEFT JOIN type ON article.type_id = type.Id WHERE article.id=undefined"
name: "ER_BAD_FIELD_ERRORError"
pid: 6761
hostname: jingrandeMacBook-Air.local

2022-02-13 10:03:34,465 ERROR 6761 [-/127.0.0.1/-/5ms GET /default/getArticleById/undefined] nodejs.ER_BAD_FIELD_ERRORError: ER_BAD_FIELD_ERROR: Unknown column 'undefined' in 'where clause'
    at Query.Sequence._packetToError (/Users/jr/myWeb/React项目实战_博客/react_Blog/service/node_modules/mysql/lib/protocol/sequences/Sequence.js:47:14)
    at Query.ErrorPacket (/Users/jr/myWeb/React项目实战_博客/react_Blog/service/node_modules/mysql/lib/protocol/sequences/Query.js:79:18)
    at Protocol._parsePacket (/Users/jr/myWeb/React项目实战_博客/react_Blog/service/node_modules/mysql/lib/protocol/Protocol.js:291:23)
    at Parser._parsePacket (/Users/jr/myWeb/React项目实战_博客/react_Blog/service/node_modules/mysql/lib/protocol/Parser.js:433:10)
    at Parser.write (/Users/jr/myWeb/React项目实战_博客/react_Blog/service/node_modules/mysql/lib/protocol/Parser.js:43:10)
    at Protocol.write (/Users/jr/myWeb/React项目实战_博客/react_Blog/service/node_modules/mysql/lib/protocol/Protocol.js:38:16)
    at Socket.<anonymous> (/Users/jr/myWeb/React项目实战_博客/react_Blog/service/node_modules/mysql/lib/Connection.js:88:28)
    at Socket.<anonymous> (/Users/jr/myWeb/React项目实战_博客/react_Blog/service/node_modules/mysql/lib/Connection.js:526:10)
    at Socket.emit (events.js:375:28)
    at addChunk (internal/streams/readable.js:290:12)
    --------------------
    at Pool.query (/Users/jr/myWeb/React项目实战_博客/react_Blog/service/node_modules/mysql/lib/Pool.js:199:23)
    at /Users/jr/myWeb/React项目实战_博客/react_Blog/service/node_modules/ali-rds/node_modules/pify/index.js:29:7
    at new Promise (<anonymous>)
    at Pool.<anonymous> (/Users/jr/myWeb/React项目实战_博客/react_Blog/service/node_modules/ali-rds/node_modules/pify/index.js:12:10)
    at Pool.ret [as query] (/Users/jr/myWeb/React项目实战_博客/react_Blog/service/node_modules/ali-rds/node_modules/pify/index.js:56:34)
    at RDSClient.proto._query (/Users/jr/myWeb/React项目实战_博客/react_Blog/service/node_modules/ali-rds/lib/client.js:38:20)
    at RDSClient.proto.query (/Users/jr/myWeb/React项目实战_博客/react_Blog/service/node_modules/ali-rds/lib/operator.js:54:29)
    at proto.query.next (<anonymous>)
    at onFulfilled (/Users/jr/myWeb/React项目实战_博客/react_Blog/service/node_modules/co/index.js:65:19)
    at /Users/jr/myWeb/React项目实战_博客/react_Blog/service/node_modules/co/index.js:54:5
    sql: SELECT article.id as id,article.title as title,article.introduce as introduce,article.article_content as article_content,FROM_UNIXTIME(article.addTime,'%Y-%m-%d %H:%i:%s' ) as addTime,article.view_count as view_count ,type.typeName as typeName ,type.id as typeId FROM article LEFT JOIN type ON article.type_id = type.Id WHERE article.id=undefined
code: "ER_BAD_FIELD_ERROR"
errno: 1054
sqlMessage: "Unknown column 'undefined' in 'where clause'"
sqlState: "42S22"
index: 0
sql: "SELECT article.id as id,article.title as title,article.introduce as introduce,article.article_content as article_content,FROM_UNIXTIME(article.addTime,'%Y-%m-%d %H:%i:%s' ) as addTime,article.view_count as view_count ,type.typeName as typeName ,type.id as typeId FROM article LEFT JOIN type ON article.type_id = type.Id WHERE article.id=undefined"
name: "ER_BAD_FIELD_ERRORError"
pid: 6761
hostname: jingrandeMacBook-Air.local

2022-02-13 18:47:56,836 ERROR 36577 [-/127.0.0.1/-/33ms GET /default/getArticleListByTypeId/undefined] nodejs.ER_BAD_FIELD_ERRORError: ER_BAD_FIELD_ERROR: Unknown column 'undefined' in 'where clause'
    at Query.Sequence._packetToError (/Users/jr/myWeb/React项目实战_博客/react_Blog/service/node_modules/mysql/lib/protocol/sequences/Sequence.js:47:14)
    at Query.ErrorPacket (/Users/jr/myWeb/React项目实战_博客/react_Blog/service/node_modules/mysql/lib/protocol/sequences/Query.js:79:18)
    at Protocol._parsePacket (/Users/jr/myWeb/React项目实战_博客/react_Blog/service/node_modules/mysql/lib/protocol/Protocol.js:291:23)
    at Parser._parsePacket (/Users/jr/myWeb/React项目实战_博客/react_Blog/service/node_modules/mysql/lib/protocol/Parser.js:433:10)
    at Parser.write (/Users/jr/myWeb/React项目实战_博客/react_Blog/service/node_modules/mysql/lib/protocol/Parser.js:43:10)
    at Protocol.write (/Users/jr/myWeb/React项目实战_博客/react_Blog/service/node_modules/mysql/lib/protocol/Protocol.js:38:16)
    at Socket.<anonymous> (/Users/jr/myWeb/React项目实战_博客/react_Blog/service/node_modules/mysql/lib/Connection.js:88:28)
    at Socket.<anonymous> (/Users/jr/myWeb/React项目实战_博客/react_Blog/service/node_modules/mysql/lib/Connection.js:526:10)
    at Socket.emit (events.js:375:28)
    at addChunk (internal/streams/readable.js:290:12)
    --------------------
    at Pool.query (/Users/jr/myWeb/React项目实战_博客/react_Blog/service/node_modules/mysql/lib/Pool.js:199:23)
    at /Users/jr/myWeb/React项目实战_博客/react_Blog/service/node_modules/ali-rds/node_modules/pify/index.js:29:7
    at new Promise (<anonymous>)
    at Pool.<anonymous> (/Users/jr/myWeb/React项目实战_博客/react_Blog/service/node_modules/ali-rds/node_modules/pify/index.js:12:10)
    at Pool.ret [as query] (/Users/jr/myWeb/React项目实战_博客/react_Blog/service/node_modules/ali-rds/node_modules/pify/index.js:56:34)
    at RDSClient.proto._query (/Users/jr/myWeb/React项目实战_博客/react_Blog/service/node_modules/ali-rds/lib/client.js:38:20)
    at RDSClient.proto.query (/Users/jr/myWeb/React项目实战_博客/react_Blog/service/node_modules/ali-rds/lib/operator.js:54:29)
    at proto.query.next (<anonymous>)
    at onFulfilled (/Users/jr/myWeb/React项目实战_博客/react_Blog/service/node_modules/co/index.js:65:19)
    at /Users/jr/myWeb/React项目实战_博客/react_Blog/service/node_modules/co/index.js:54:5
    sql: SELECT article.id as id,article.title as title,article.introduce as introduce,article.article_content as article_content,FROM_UNIXTIME(article.addTime,'%Y-%m-%d %H:%i:%s' ) as addTime,article.view_count as view_count ,type.typeName as typeName ,type.id as typeId FROM article LEFT JOIN type ON article.type_id = type.Id WHERE type.id=undefined
code: "ER_BAD_FIELD_ERROR"
errno: 1054
sqlMessage: "Unknown column 'undefined' in 'where clause'"
sqlState: "42S22"
index: 0
sql: "SELECT article.id as id,article.title as title,article.introduce as introduce,article.article_content as article_content,FROM_UNIXTIME(article.addTime,'%Y-%m-%d %H:%i:%s' ) as addTime,article.view_count as view_count ,type.typeName as typeName ,type.id as typeId FROM article LEFT JOIN type ON article.type_id = type.Id WHERE type.id=undefined"
name: "ER_BAD_FIELD_ERRORError"
pid: 36577
hostname: jingrandeMacBook-Air.local

2022-04-14 13:38:59,412 ERROR 66298 [-/127.0.0.1/-/1ms GET /] nodejs.ECONNREFUSEDError: connect ECONNREFUSED 127.0.0.1:8889
    at TCPConnectWrap.afterConnect [as oncomplete] (net.js:1148:16)
    --------------------
    at Protocol._enqueue (/Users/jr/myWeb/React项目实战_博客/react_Blog/service/node_modules/mysql/lib/protocol/Protocol.js:144:48)
    at Protocol.handshake (/Users/jr/myWeb/React项目实战_博客/react_Blog/service/node_modules/mysql/lib/protocol/Protocol.js:51:23)
    at PoolConnection.connect (/Users/jr/myWeb/React项目实战_博客/react_Blog/service/node_modules/mysql/lib/Connection.js:116:18)
    at Pool.getConnection (/Users/jr/myWeb/React项目实战_博客/react_Blog/service/node_modules/mysql/lib/Pool.js:48:16)
    at /Users/jr/myWeb/React项目实战_博客/react_Blog/service/node_modules/ali-rds/node_modules/pify/index.js:29:7
    at new Promise (<anonymous>)
    at Pool.<anonymous> (/Users/jr/myWeb/React项目实战_博客/react_Blog/service/node_modules/ali-rds/node_modules/pify/index.js:12:10)
    at Pool.ret [as getConnection] (/Users/jr/myWeb/React项目实战_博客/react_Blog/service/node_modules/ali-rds/node_modules/pify/index.js:56:34)
    at Pool.query (/Users/jr/myWeb/React项目实战_博客/react_Blog/service/node_modules/mysql/lib/Pool.js:202:8)
    at /Users/jr/myWeb/React项目实战_博客/react_Blog/service/node_modules/ali-rds/node_modules/pify/index.js:29:7
    sql: select now() as currentTime;
errno: -61
code: "ECONNREFUSED"
syscall: "connect"
address: "127.0.0.1"
port: 8889
fatal: true
name: "ECONNREFUSEDError"
pid: 66298
hostname: jingrandeMacBook-Air.local

2022-04-14 13:40:37,643 ERROR 67173 [-/127.0.0.1/-/0ms GET /] nodejs.ECONNREFUSEDError: connect ECONNREFUSED 127.0.0.1:8889
    at TCPConnectWrap.afterConnect [as oncomplete] (net.js:1148:16)
    --------------------
    at Protocol._enqueue (/Users/jr/myWeb/React项目实战_博客/react_Blog/service/node_modules/mysql/lib/protocol/Protocol.js:144:48)
    at Protocol.handshake (/Users/jr/myWeb/React项目实战_博客/react_Blog/service/node_modules/mysql/lib/protocol/Protocol.js:51:23)
    at PoolConnection.connect (/Users/jr/myWeb/React项目实战_博客/react_Blog/service/node_modules/mysql/lib/Connection.js:116:18)
    at Pool.getConnection (/Users/jr/myWeb/React项目实战_博客/react_Blog/service/node_modules/mysql/lib/Pool.js:48:16)
    at /Users/jr/myWeb/React项目实战_博客/react_Blog/service/node_modules/ali-rds/node_modules/pify/index.js:29:7
    at new Promise (<anonymous>)
    at Pool.<anonymous> (/Users/jr/myWeb/React项目实战_博客/react_Blog/service/node_modules/ali-rds/node_modules/pify/index.js:12:10)
    at Pool.ret [as getConnection] (/Users/jr/myWeb/React项目实战_博客/react_Blog/service/node_modules/ali-rds/node_modules/pify/index.js:56:34)
    at Pool.query (/Users/jr/myWeb/React项目实战_博客/react_Blog/service/node_modules/mysql/lib/Pool.js:202:8)
    at /Users/jr/myWeb/React项目实战_博客/react_Blog/service/node_modules/ali-rds/node_modules/pify/index.js:29:7
    sql: select now() as currentTime;
errno: -61
code: "ECONNREFUSED"
syscall: "connect"
address: "127.0.0.1"
port: 8889
fatal: true
name: "ECONNREFUSEDError"
pid: 67173
hostname: jingrandeMacBook-Air.local

2022-05-02 14:35:46,765 ERROR 66538 [-/127.0.0.1/-/0ms GET /] nodejs.ECONNREFUSEDError: connect ECONNREFUSED 127.0.0.1:8889
    at TCPConnectWrap.afterConnect [as oncomplete] (net.js:1148:16)
    --------------------
    at Protocol._enqueue (/Users/jr/myWeb/React项目实战_博客/react_Blog/service/node_modules/mysql/lib/protocol/Protocol.js:144:48)
    at Protocol.handshake (/Users/jr/myWeb/React项目实战_博客/react_Blog/service/node_modules/mysql/lib/protocol/Protocol.js:51:23)
    at PoolConnection.connect (/Users/jr/myWeb/React项目实战_博客/react_Blog/service/node_modules/mysql/lib/Connection.js:116:18)
    at Pool.getConnection (/Users/jr/myWeb/React项目实战_博客/react_Blog/service/node_modules/mysql/lib/Pool.js:48:16)
    at /Users/jr/myWeb/React项目实战_博客/react_Blog/service/node_modules/ali-rds/node_modules/pify/index.js:29:7
    at new Promise (<anonymous>)
    at Pool.<anonymous> (/Users/jr/myWeb/React项目实战_博客/react_Blog/service/node_modules/ali-rds/node_modules/pify/index.js:12:10)
    at Pool.ret [as getConnection] (/Users/jr/myWeb/React项目实战_博客/react_Blog/service/node_modules/ali-rds/node_modules/pify/index.js:56:34)
    at Pool.query (/Users/jr/myWeb/React项目实战_博客/react_Blog/service/node_modules/mysql/lib/Pool.js:202:8)
    at /Users/jr/myWeb/React项目实战_博客/react_Blog/service/node_modules/ali-rds/node_modules/pify/index.js:29:7
    sql: select now() as currentTime;
errno: -61
code: "ECONNREFUSED"
syscall: "connect"
address: "127.0.0.1"
port: 8889
fatal: true
name: "ECONNREFUSEDError"
pid: 66538
hostname: jingrandeMacBook-Air.local

